** Drc report for hackclubv.1.kicad_pcb **
** Created on 2026-06-02T21:07:09 **
** Report includes: Errors, Warnings **

** Found 22 DRC violations **
[invalid_outline]: A placa tem um contorno malformado (nenhuma aresta foi encontrada na camada Edge.Cuts)
    Local override; error
    @(0.0000 mm, 0.0000 mm): PCB
[silk_overlap]: Silkscreen clearance
    Rule: configuração da serigrafia da placa; warning
    @(138.4300 mm, 84.6360 mm): Reference field of SW2
    @(145.4150 mm, 84.4050 mm): Segment of SW1 on F.Silkscreen
[silk_overlap]: Silkscreen clearance
    Rule: configuração da serigrafia da placa; warning
    @(145.4150 mm, 99.4950 mm): Segment of SW2 on F.Silkscreen
    @(138.4300 mm, 99.7260 mm): Reference field of SW3
[silk_overlap]: Silkscreen clearance
    Rule: configuração da serigrafia da placa; warning
    @(145.4150 mm, 114.5850 mm): Segment of SW3 on F.Silkscreen
    @(138.4300 mm, 114.8160 mm): Reference field of SW4
[silk_overlap]: Silkscreen clearance
    Rule: configuração da serigrafia da placa; warning
    @(145.4150 mm, 129.6750 mm): Segment of SW4 on F.Silkscreen
    @(138.4300 mm, 129.9060 mm): Reference field of SW5
[silk_over_copper]: Silkscreen clipped by solder mask
    Local override; warning
    @(164.9236 mm, 116.3386 mm): Arc of U1 on B.Silkscreen
    @(164.1540 mm, 117.1740 mm): PTH pad 14 [unconnected-(U1-5V-Pad14)] of U1
[silk_over_copper]: Silkscreen clipped by solder mask
    Local override; warning
    @(162.8790 mm, 133.2940 mm): Segment of U1 on B.Silkscreen
    @(164.1540 mm, 132.4140 mm): PTH pad 8 [Net-(U1-PB09_A7_D7_RX)] of U1
[silk_over_copper]: Silkscreen clipped by solder mask
    Local override; warning
    @(162.8790 mm, 133.2940 mm): Segment of U1 on B.Silkscreen
    @(164.1540 mm, 129.8740 mm): PTH pad 9 [Net-(U1-PA7_A8_D8_SCK)] of U1
[silk_over_copper]: Silkscreen clipped by solder mask
    Local override; warning
    @(162.8790 mm, 133.2940 mm): Segment of U1 on B.Silkscreen
    @(164.1540 mm, 127.3340 mm): PTH pad 10 [unconnected-(U1-PA5_A9_D9_MISO-Pad10)] of U1
[silk_over_copper]: Silkscreen clipped by solder mask
    Local override; warning
    @(162.8790 mm, 133.2940 mm): Segment of U1 on B.Silkscreen
    @(164.1540 mm, 124.7940 mm): PTH pad 11 [unconnected-(U1-PA6_A10_D10_MOSI-Pad11)] of U1
[silk_over_copper]: Silkscreen clipped by solder mask
    Local override; warning
    @(162.8790 mm, 133.2940 mm): Segment of U1 on B.Silkscreen
    @(164.1540 mm, 122.2540 mm): PTH pad 12 [+3V3] of U1
[silk_over_copper]: Silkscreen clipped by solder mask
    Local override; warning
    @(162.8790 mm, 133.2940 mm): Segment of U1 on B.Silkscreen
    @(164.1540 mm, 119.7140 mm): PTH pad 13 [GND] of U1
[silk_over_copper]: Silkscreen clipped by solder mask
    Local override; warning
    @(162.8790 mm, 133.2940 mm): Segment of U1 on B.Silkscreen
    @(164.1540 mm, 117.1740 mm): PTH pad 14 [unconnected-(U1-5V-Pad14)] of U1
[silk_over_copper]: Silkscreen clipped by solder mask
    Local override; warning
    @(180.6790 mm, 116.2940 mm): Segment of U1 on B.Silkscreen
    @(179.4040 mm, 117.1740 mm): PTH pad 1 [Net-(U1-PA02_A0_D0)] of U1
[silk_over_copper]: Silkscreen clipped by solder mask
    Local override; warning
    @(180.6790 mm, 116.2940 mm): Segment of U1 on B.Silkscreen
    @(179.4040 mm, 119.7140 mm): PTH pad 2 [Net-(U1-PA4_A1_D1)] of U1
[silk_over_copper]: Silkscreen clipped by solder mask
    Local override; warning
    @(180.6790 mm, 116.2940 mm): Segment of U1 on B.Silkscreen
    @(179.4040 mm, 122.2540 mm): PTH pad 3 [Net-(U1-PA10_A2_D2)] of U1
[silk_over_copper]: Silkscreen clipped by solder mask
    Local override; warning
    @(180.6790 mm, 116.2940 mm): Segment of U1 on B.Silkscreen
    @(179.4040 mm, 124.7940 mm): PTH pad 4 [/<NO NET>] of U1
[silk_over_copper]: Silkscreen clipped by solder mask
    Local override; warning
    @(180.6790 mm, 116.2940 mm): Segment of U1 on B.Silkscreen
    @(179.4040 mm, 127.3340 mm): PTH pad 5 [Net-(U1-PA8_A4_D4_SDA)] of U1
[silk_over_copper]: Silkscreen clipped by solder mask
    Local override; warning
    @(180.6790 mm, 116.2940 mm): Segment of U1 on B.Silkscreen
    @(179.4040 mm, 129.8740 mm): PTH pad 6 [Net-(U1-PA9_A5_D5_SCL)] of U1
[silk_over_copper]: Silkscreen clipped by solder mask
    Local override; warning
    @(180.6790 mm, 116.2940 mm): Segment of U1 on B.Silkscreen
    @(179.4040 mm, 132.4140 mm): PTH pad 7 [Net-(U1-PB08_A6_D6_TX)] of U1
[silk_over_copper]: Silkscreen clipped by solder mask
    Local override; warning
    @(178.6341 mm, 133.2491 mm): Arc of U1 on B.Silkscreen
    @(179.4040 mm, 132.4140 mm): PTH pad 7 [Net-(U1-PB08_A6_D6_TX)] of U1
[silk_over_copper]: Silkscreen clipped by solder mask
    Local override; warning
    @(164.8790 mm, 133.2940 mm): Arc of U1 on B.Silkscreen
    @(164.1540 mm, 132.4140 mm): PTH pad 8 [Net-(U1-PB09_A7_D7_RX)] of U1

** Found 0 unconnected pads **

** Found 0 Footprint errors **

** Ignored checks **
    - Footprint has no courtyard defined
    - Track endpoint not centered on via
    - Tuning profile track geometries
    - Footprint doesn't match symbol's footprint filters
    - Footprint component type doesn't match footprint pads

** End of Report **
